<?xml version="1.0" encoding="UTF-8"?>
<!-- Generated by org.testng.reporters.JUnitReportReporter -->
<testsuite hostname="DESKTOP-OCA6S22" failures="0" tests="1" name="tests.ui.services.TC065_CuUserGroupChangeStatusDeactivate" time="56.553" errors="0" timestamp="2024-05-22T20:37:29 IST" skipped="0">
  <testcase classname="tests.ui.services.TC065_CuUserGroupChangeStatusDeactivate" name="CuUserGroupChangeStatusDeactivate" time="56.553"/>
  <system-out/>
</testsuite> <!-- tests.ui.services.TC065_CuUserGroupChangeStatusDeactivate -->
