<?xml version="1.0" encoding="UTF-8"?>
<!-- Generated by org.testng.reporters.JUnitReportReporter -->
<testsuite hostname="DESKTOP-OCA6S22" failures="0" tests="1" name="tests.ui.services.TC163_LandingPageHeaderMenuServicesAnalytics" time="29.099" errors="0" timestamp="2024-07-29T19:47:38 IST" skipped="0">
  <testcase classname="tests.ui.services.TC163_LandingPageHeaderMenuServicesAnalytics" name="LandingPageHeaderMenuServicesAnalytics" time="29.099"/>
  <system-out/>
</testsuite> <!-- tests.ui.services.TC163_LandingPageHeaderMenuServicesAnalytics -->
