<?xml version="1.0" encoding="UTF-8"?>
<!-- Generated by org.testng.reporters.JUnitReportReporter -->
<testsuite hostname="DESKTOP-OCA6S22" failures="0" tests="1" name="tests.ui.services.TC189_LandingPageFootertFAQLawFirms" time="27.630" errors="0" timestamp="2024-08-06T13:19:33 IST" skipped="0">
  <testcase classname="tests.ui.services.TC189_LandingPageFootertFAQLawFirms" name="LandingPageFooterFAQLawFirms" time="27.630"/>
  <system-out/>
</testsuite> <!-- tests.ui.services.TC189_LandingPageFootertFAQLawFirms -->
