<?xml version="1.0" encoding="UTF-8"?>
<!-- Generated by org.testng.reporters.JUnitReportReporter -->
<testsuite hostname="DESKTOP-OCA6S22" failures="0" tests="1" name="tests.ui.services.TC186_LandingPageFootertFAQ" time="25.050" errors="0" timestamp="2024-08-06T10:23:05 IST" skipped="0">
  <testcase classname="tests.ui.services.TC186_LandingPageFootertFAQ" name="LandingPageFooterFAQ" time="25.050"/>
  <system-out/>
</testsuite> <!-- tests.ui.services.TC186_LandingPageFootertFAQ -->
