<?xml version="1.0" encoding="UTF-8"?>
<!-- Generated by org.testng.reporters.JUnitReportReporter -->
<testsuite hostname="DESKTOP-OCA6S22" failures="0" tests="1" name="tests.ui.services.TC031_SOWOther" time="141.637" errors="0" timestamp="2024-04-23T22:08:19 IST" skipped="0">
  <testcase classname="tests.ui.services.TC031_SOWOther" name="createRFP" time="141.637"/>
  <system-out/>
</testsuite> <!-- tests.ui.services.TC031_SOWOther -->
