<?xml version="1.0" encoding="UTF-8"?>
<!-- Generated by org.testng.reporters.JUnitReportReporter -->
<testsuite hostname="DESKTOP-OCA6S22" failures="0" tests="1" name="tests.ui.services.TC145_CuAnalyticsServicesReview" time="80.837" errors="0" timestamp="2024-07-04T15:28:15 IST" skipped="0">
  <testcase classname="tests.ui.services.TC145_CuAnalyticsServicesReview" name="CuAnalyticsServicesReview" time="80.837"/>
  <system-out/>
</testsuite> <!-- tests.ui.services.TC145_CuAnalyticsServicesReview -->
