<?xml version="1.0" encoding="UTF-8"?>
<!-- Generated by org.testng.reporters.JUnitReportReporter -->
<testsuite hostname="DESKTOP-OCA6S22" failures="0" tests="1" name="tests.ui.services.TC003_CreateRFP_Mandatory_fields" time="206.008" errors="0" timestamp="2024-04-03T22:11:39 IST" skipped="0">
  <testcase classname="tests.ui.services.TC003_CreateRFP_Mandatory_fields" name="createRFP" time="206.008"/>
  <system-out/>
</testsuite> <!-- tests.ui.services.TC003_CreateRFP_Mandatory_fields -->
