<?xml version="1.0" encoding="UTF-8"?>
<!-- Generated by org.testng.reporters.JUnitReportReporter -->
<testsuite hostname="DESKTOP-OCA6S22" failures="0" tests="1" name="tests.ui.services.TC036_CuCreateUserGroups" time="60.488" errors="0" timestamp="2024-05-20T21:17:49 IST" skipped="0">
  <testcase classname="tests.ui.services.TC036_CuCreateUserGroups" name="CuCreateUser" time="60.488"/>
  <system-out/>
</testsuite> <!-- tests.ui.services.TC036_CuCreateUserGroups -->
