<?xml version="1.0" encoding="UTF-8"?>
<!-- Generated by org.testng.reporters.JUnitReportReporter -->
<testsuite hostname="DESKTOP-OCA6S22" failures="0" tests="1" name="tests.ui.services.TC005_CreateRFP" time="15.561" errors="0" timestamp="2024-02-07T09:53:26 IST" skipped="0">
  <testcase classname="tests.ui.services.TC005_CreateRFP" name="createAccount" time="15.561"/>
  <system-out/>
</testsuite> <!-- tests.ui.services.TC005_CreateRFP -->
