<?xml version="1.0" encoding="UTF-8"?>
<!-- Generated by org.testng.reporters.JUnitReportReporter -->
<testsuite hostname="DESKTOP-OCA6S22" failures="0" tests="1" name="tests.ui.services.TC038_PropSOWCompetition" time="153.858" errors="0" timestamp="2024-05-07T16:01:51 IST" skipped="0">
  <testcase classname="tests.ui.services.TC038_PropSOWCompetition" name="propSowCommercialContracts" time="153.858"/>
  <system-out/>
</testsuite> <!-- tests.ui.services.TC038_PropSOWCompetition -->
