<?xml version="1.0" encoding="UTF-8"?>
<!-- Generated by org.testng.reporters.JUnitReportReporter -->
<testsuite hostname="DESKTOP-OCA6S22" failures="0" tests="1" name="tests.ui.services.TC152_AdminPaymentPageView" time="41.117" errors="0" timestamp="2024-07-11T11:20:44 IST" skipped="0">
  <testcase classname="tests.ui.services.TC152_AdminPaymentPageView" name="CreateCuAccount" time="41.117"/>
  <system-out/>
</testsuite> <!-- tests.ui.services.TC152_AdminPaymentPageView -->
