<?xml version="1.0" encoding="UTF-8"?>
<!-- Generated by org.testng.reporters.JUnitReportReporter -->
<testsuite hostname="DESKTOP-OCA6S22" failures="0" tests="1" name="tests.ui.services.TC167_LandingPageHeaderMenuFAQLawFirms" time="28.830" errors="0" timestamp="2024-07-29T22:36:44 IST" skipped="0">
  <testcase classname="tests.ui.services.TC167_LandingPageHeaderMenuFAQLawFirms" name="LandingPageHeaderMenuFAQRegistration" time="28.830"/>
  <system-out/>
</testsuite> <!-- tests.ui.services.TC167_LandingPageHeaderMenuFAQLawFirms -->
