<?xml version="1.0" encoding="UTF-8"?>
<!-- Generated by org.testng.reporters.JUnitReportReporter -->
<testsuite hostname="DESKTOP-OCA6S22" failures="0" tests="1" name="tests.ui.services.TC081_ProposalUserGroupChangeStatusActivate" time="57.346" errors="0" timestamp="2024-05-23T00:42:42 IST" skipped="0">
  <testcase classname="tests.ui.services.TC081_ProposalUserGroupChangeStatusActivate" name="ProposalUserGroupChangeStatusActivate" time="57.346"/>
  <system-out/>
</testsuite> <!-- tests.ui.services.TC081_ProposalUserGroupChangeStatusActivate -->
