<?xml version="1.0" encoding="UTF-8"?>
<!-- Generated by org.testng.reporters.JUnitReportReporter -->
<testsuite hostname="DESKTOP-OCA6S22" failures="0" tests="1" name="tests.ui.services.TC007_CreateCuRegistrationEmail" time="150.283" errors="0" timestamp="2024-04-04T11:08:48 IST" skipped="0">
  <testcase classname="tests.ui.services.TC007_CreateCuRegistrationEmail" name="CreateCuAccount" time="150.283"/>
  <system-out/>
</testsuite> <!-- tests.ui.services.TC007_CreateCuRegistrationEmail -->
