<?xml version="1.0" encoding="UTF-8"?>
<!-- Generated by org.testng.reporters.JUnitReportReporter -->
<testsuite hostname="DESKTOP-OCA6S22" failures="0" tests="1" name="tests.ui.services.TC188_LandingPageFootertFAQRegistrationAccount" time="25.204" errors="0" timestamp="2024-08-06T10:36:09 IST" skipped="0">
  <testcase classname="tests.ui.services.TC188_LandingPageFootertFAQRegistrationAccount" name="LandingPageFooterFAQRegistrationAccount" time="25.204"/>
  <system-out/>
</testsuite> <!-- tests.ui.services.TC188_LandingPageFootertFAQRegistrationAccount -->
