<?xml version="1.0" encoding="UTF-8"?>
<!-- Generated by org.testng.reporters.JUnitReportReporter -->
<testsuite hostname="DESKTOP-OCA6S22" failures="0" tests="1" name="tests.ui.services.TC193_LandingPageFootertFAQTemplatesBank" time="28.765" errors="0" timestamp="2024-08-06T14:54:52 IST" skipped="0">
  <testcase classname="tests.ui.services.TC193_LandingPageFootertFAQTemplatesBank" name="LandingPageFooterFAQTemplatesBank" time="28.765"/>
  <system-out/>
</testsuite> <!-- tests.ui.services.TC193_LandingPageFootertFAQTemplatesBank -->
