<?xml version="1.0" encoding="UTF-8"?>
<!-- Generated by org.testng.reporters.JUnitReportReporter -->
<testsuite hostname="DESKTOP-OCA6S22" failures="0" tests="1" name="tests.ui.services.TC073_ProposalAdditionalMainContact" time="54.375" errors="0" timestamp="2024-05-22T23:24:20 IST" skipped="0">
  <testcase classname="tests.ui.services.TC073_ProposalAdditionalMainContact" name="ProposalAdditionalMainContact" time="54.375"/>
  <system-out/>
</testsuite> <!-- tests.ui.services.TC073_ProposalAdditionalMainContact -->
