<?xml version="1.0" encoding="UTF-8"?>
<!-- Generated by org.testng.reporters.JUnitReportReporter -->
<testsuite hostname="DESKTOP-OCA6S22" failures="0" tests="1" name="tests.ui.services.TC216_ProposalDeleteUser" time="99.008" errors="0" timestamp="2024-08-21T10:03:19 IST" skipped="0">
  <testcase classname="tests.ui.services.TC216_ProposalDeleteUser" name="proposalDeleteUser" time="99.008"/>
  <system-out/>
</testsuite> <!-- tests.ui.services.TC216_ProposalDeleteUser -->
