<?xml version="1.0" encoding="UTF-8"?>
<!-- Generated by org.testng.reporters.JUnitReportReporter -->
<testsuite hostname="DESKTOP-OCA6S22" failures="0" tests="1" name="tests.ui.services.TC179_LandingPageFootertAboutUs" time="24.487" errors="0" timestamp="2024-08-06T09:04:18 IST" skipped="0">
  <testcase classname="tests.ui.services.TC179_LandingPageFootertAboutUs" name="LandingPageFooterAboutUs" time="24.487"/>
  <system-out/>
</testsuite> <!-- tests.ui.services.TC179_LandingPageFootertAboutUs -->
