<?xml version="1.0" encoding="UTF-8"?>
<!-- Generated by org.testng.reporters.JUnitReportReporter -->
<testsuite hostname="DESKTOP-OCA6S22" failures="0" tests="1" name="tests.ui.services.TC168_LandingPageHeaderMenuFAQRequestforProposals" time="26.022" errors="0" timestamp="2024-07-29T22:51:14 IST" skipped="0">
  <testcase classname="tests.ui.services.TC168_LandingPageHeaderMenuFAQRequestforProposals" name="LandingPageHeaderMenuFAQRegistration" time="26.022"/>
  <system-out/>
</testsuite> <!-- tests.ui.services.TC168_LandingPageHeaderMenuFAQRequestforProposals -->
