<?xml version="1.0" encoding="UTF-8"?>
<!-- Generated by org.testng.reporters.JUnitReportReporter -->
<testsuite hostname="DESKTOP-OCA6S22" failures="0" tests="1" name="tests.ui.services.TC149_LSPFinancialsPaymentHistoryReceipt" time="62.666" errors="0" timestamp="2024-07-04T13:23:33 IST" skipped="0">
  <testcase classname="tests.ui.services.TC149_LSPFinancialsPaymentHistoryReceipt" name="LSPFinancialsPaymentHistoryReceipt" time="62.666"/>
  <system-out/>
</testsuite> <!-- tests.ui.services.TC149_LSPFinancialsPaymentHistoryReceipt -->
