<?xml version="1.0" encoding="UTF-8"?>
<!-- Generated by org.testng.reporters.JUnitReportReporter -->
<testsuite hostname="DESKTOP-OCA6S22" failures="0" tests="1" name="tests.ui.services.TC040_PropSOWDataProtection" time="198.080" errors="0" timestamp="2024-05-08T00:29:57 IST" skipped="0">
  <testcase classname="tests.ui.services.TC040_PropSOWDataProtection" name="propSOWDataProtectionPrivacy" time="198.080"/>
  <system-out/>
</testsuite> <!-- tests.ui.services.TC040_PropSOWDataProtection -->
