<?xml version="1.0" encoding="UTF-8"?>
<!-- Generated by org.testng.reporters.JUnitReportReporter -->
<testsuite hostname="DESKTOP-OCA6S22" failures="0" tests="1" name="tests.ui.services.TC059_AddMultipleUsers" time="76.765" errors="0" timestamp="2024-05-20T18:05:05 IST" skipped="0">
  <testcase classname="tests.ui.services.TC059_AddMultipleUsers" name="CuCreateUser" time="76.765"/>
  <system-out/>
</testsuite> <!-- tests.ui.services.TC059_AddMultipleUsers -->
