<?xml version="1.0" encoding="UTF-8"?>
<!-- Generated by org.testng.reporters.JUnitReportReporter -->
<testsuite hostname="DESKTOP-OCA6S22" failures="0" tests="1" name="tests.ui.services.TC062_CuEditUserGroups" time="57.544" errors="0" timestamp="2024-05-22T18:54:04 IST" skipped="0">
  <testcase classname="tests.ui.services.TC062_CuEditUserGroups" name="CuEditUserGroups" time="57.544"/>
  <system-out/>
</testsuite> <!-- tests.ui.services.TC062_CuEditUserGroups -->
