<?xml version="1.0" encoding="UTF-8"?>
<!-- Generated by org.testng.reporters.JUnitReportReporter -->
<testsuite hostname="DESKTOP-OCA6S22" failures="0" tests="1" name="tests.ui.services.TC0012_CreateLSPRegistrationMail" time="270.682" errors="0" timestamp="2024-04-04T15:21:56 IST" skipped="0">
  <testcase classname="tests.ui.services.TC0012_CreateLSPRegistrationMail" name="CreateCuAccount" time="270.682"/>
  <system-out/>
</testsuite> <!-- tests.ui.services.TC0012_CreateLSPRegistrationMail -->
