<?xml version="1.0" encoding="UTF-8"?>
<!-- Generated by org.testng.reporters.JUnitReportReporter -->
<testsuite hostname="DESKTOP-OCA6S22" failures="0" tests="1" name="tests.ui.services.TC187_LandingPageFootertFAQKeyFeatures" time="27.775" errors="0" timestamp="2024-08-06T10:29:58 IST" skipped="0">
  <testcase classname="tests.ui.services.TC187_LandingPageFootertFAQKeyFeatures" name="LandingPageFooterFAQKeyFeatures" time="27.775"/>
  <system-out/>
</testsuite> <!-- tests.ui.services.TC187_LandingPageFootertFAQKeyFeatures -->
