<?xml version="1.0" encoding="UTF-8"?>
<!-- Generated by org.testng.reporters.JUnitReportReporter -->
<testsuite hostname="DESKTOP-OCA6S22" failures="0" tests="1" name="tests.ui.services.TC078_ProposalUserGroupsSaveActivate" time="71.932" errors="0" timestamp="2024-05-23T00:18:52 IST" skipped="0">
  <testcase classname="tests.ui.services.TC078_ProposalUserGroupsSaveActivate" name="ProposalUserGroupsSaveActivate" time="71.932"/>
  <system-out/>
</testsuite> <!-- tests.ui.services.TC078_ProposalUserGroupsSaveActivate -->
