<?xml version="1.0" encoding="UTF-8"?>
<!-- Generated by org.testng.reporters.JUnitReportReporter -->
<testsuite hostname="DESKTOP-OCA6S22" failures="0" tests="1" name="tests.ui.services.TC0011_CreateLSPRegistrationDecline" time="260.837" errors="0" timestamp="2024-04-04T15:09:32 IST" skipped="0">
  <testcase classname="tests.ui.services.TC0011_CreateLSPRegistrationDecline" name="CreateCuAccount" time="260.837"/>
  <system-out/>
</testsuite> <!-- tests.ui.services.TC0011_CreateLSPRegistrationDecline -->
