<?xml version="1.0" encoding="UTF-8"?>
<!-- Generated by org.testng.reporters.JUnitReportReporter -->
<testsuite hostname="DESKTOP-OCA6S22" failures="0" tests="1" name="tests.ui.services.TC015_CreateRFPMandatoryFields" time="158.120" errors="0" timestamp="2024-04-16T23:43:26 IST" skipped="0">
  <testcase classname="tests.ui.services.TC015_CreateRFPMandatoryFields" name="createRFP" time="158.120"/>
  <system-out/>
</testsuite> <!-- tests.ui.services.TC015_CreateRFPMandatoryFields -->
