<?xml version="1.0" encoding="UTF-8"?>
<!-- Generated by org.testng.reporters.JUnitReportReporter -->
<testsuite hostname="DESKTOP-OCA6S22" failures="0" tests="1" name="tests.ui.services.TC116_ProposalTemplateBankView" time="61.933" errors="0" timestamp="2024-06-13T14:51:17 IST" skipped="0">
  <testcase classname="tests.ui.services.TC116_ProposalTemplateBankView" name="ProposalTemplateBankView" time="61.933"/>
  <system-out/>
</testsuite> <!-- tests.ui.services.TC116_ProposalTemplateBankView -->
