<?xml version="1.0" encoding="UTF-8"?>
<!-- Generated by org.testng.reporters.JUnitReportReporter -->
<testsuite hostname="DESKTOP-OCA6S22" failures="0" tests="1" name="tests.ui.services.TC128_CreateRFPSaveAsDrafts" time="183.520" errors="0" timestamp="2024-06-25T15:47:15 IST" skipped="0">
  <testcase classname="tests.ui.services.TC128_CreateRFPSaveAsDrafts" name="createRFPSaveAsDrafts" time="183.520"/>
  <system-out/>
</testsuite> <!-- tests.ui.services.TC128_CreateRFPSaveAsDrafts -->
