<?xml version="1.0" encoding="UTF-8"?>
<!-- Generated by org.testng.reporters.JUnitReportReporter -->
<testsuite hostname="DESKTOP-OCA6S22" failures="0" tests="1" name="tests.ui.services.TC021_SOWInfrastructureProjectsAndFinancing" time="128.691" errors="0" timestamp="2024-05-12T13:35:26 IST" skipped="0">
  <testcase classname="tests.ui.services.TC021_SOWInfrastructureProjectsAndFinancing" name="createRFPSOWInfrastructureProjectsAndFinancing" time="128.691"/>
  <system-out/>
</testsuite> <!-- tests.ui.services.TC021_SOWInfrastructureProjectsAndFinancing -->
