<?xml version="1.0" encoding="UTF-8"?>
<!-- Generated by org.testng.reporters.JUnitReportReporter -->
<testsuite hostname="DESKTOP-OCA6S22" failures="0" tests="1" name="tests.ui.services.TC082_ProposalUserGroupChangeStatusDeactivate" time="55.338" errors="0" timestamp="2024-05-23T00:46:56 IST" skipped="0">
  <testcase classname="tests.ui.services.TC082_ProposalUserGroupChangeStatusDeactivate" name="ProposalUserGroupChangeStatusDeactivate" time="55.338"/>
  <system-out/>
</testsuite> <!-- tests.ui.services.TC082_ProposalUserGroupChangeStatusDeactivate -->
