<?xml version="1.0" encoding="UTF-8"?>
<!-- Generated by org.testng.reporters.JUnitReportReporter -->
<testsuite hostname="DESKTOP-OCA6S22" failures="0" tests="1" name="tests.ui.services.TC162_LandingPageHeaderMenuServices" time="28.895" errors="0" timestamp="2024-07-29T19:12:04 IST" skipped="0">
  <testcase classname="tests.ui.services.TC162_LandingPageHeaderMenuServices" name="LandingPageHeaderMenuServicesRFP" time="28.895"/>
  <system-out/>
</testsuite> <!-- tests.ui.services.TC162_LandingPageHeaderMenuServices -->
