<?xml version="1.0" encoding="UTF-8"?>
<!-- Generated by org.testng.reporters.JUnitReportReporter -->
<testsuite hostname="DESKTOP-OCA6S22" failures="0" tests="1" name="tests.ui.services.TC198_CuHelpCentreFAQ" time="54.174" errors="0" timestamp="2024-08-07T06:18:03 IST" skipped="0">
  <testcase classname="tests.ui.services.TC198_CuHelpCentreFAQ" name="CuHelpCentreFAQ" time="54.174"/>
  <system-out/>
</testsuite> <!-- tests.ui.services.TC198_CuHelpCentreFAQ -->
