<?xml version="1.0" encoding="UTF-8"?>
<!-- Generated by org.testng.reporters.JUnitReportReporter -->
<testsuite hostname="DESKTOP-OCA6S22" failures="0" tests="1" name="tests.ui.services.TC209_ProposalHelpCentreFAQProposals" time="50.902" errors="0" timestamp="2024-08-07T09:17:31 IST" skipped="0">
  <testcase classname="tests.ui.services.TC209_ProposalHelpCentreFAQProposals" name="proposalHelpCentreFAQProposals" time="50.902"/>
  <system-out/>
</testsuite> <!-- tests.ui.services.TC209_ProposalHelpCentreFAQProposals -->
