<?xml version="1.0" encoding="UTF-8"?>
<!-- Generated by org.testng.reporters.JUnitReportReporter -->
<testsuite hostname="DESKTOP-OCA6S22" failures="0" tests="1" name="tests.ui.services.TC02_CreateCuRegistration" time="13.829" errors="0" timestamp="2024-02-08T00:17:44 IST" skipped="0">
  <testcase classname="tests.ui.services.TC02_CreateCuRegistration" name="CreateCuAccount" time="13.829"/>
  <system-out/>
</testsuite> <!-- tests.ui.services.TC02_CreateCuRegistration -->
