<?xml version="1.0" encoding="UTF-8"?>
<!-- Generated by org.testng.reporters.JUnitReportReporter -->
<testsuite hostname="DESKTOP-OCA6S22" failures="0" tests="1" name="tests.ui.services.TC214_CorporateDeleteUser" time="100.376" errors="0" timestamp="2024-08-21T08:56:56 IST" skipped="0">
  <testcase classname="tests.ui.services.TC214_CorporateDeleteUser" name="corporateDeleteUser" time="100.376"/>
  <system-out/>
</testsuite> <!-- tests.ui.services.TC214_CorporateDeleteUser -->
