<?xml version="1.0" encoding="UTF-8"?>
<!-- Generated by org.testng.reporters.JUnitReportReporter -->
<testsuite hostname="DESKTOP-OCA6S22" failures="0" tests="1" name="tests.ui.services.TC032_SOWOther" time="111.209" errors="0" timestamp="2024-05-08T20:55:15 IST" skipped="0">
  <testcase classname="tests.ui.services.TC032_SOWOther" name="createRFPSOWOther" time="111.209"/>
  <system-out/>
</testsuite> <!-- tests.ui.services.TC032_SOWOther -->
