<?xml version="1.0" encoding="UTF-8"?>
<!-- Generated by org.testng.reporters.JUnitReportReporter -->
<testsuite hostname="DESKTOP-OCA6S22" failures="0" tests="1" name="tests.ui.services.TC060_CuValidateDuplicateUser" time="64.866" errors="0" timestamp="2024-05-20T18:44:41 IST" skipped="0">
  <testcase classname="tests.ui.services.TC060_CuValidateDuplicateUser" name="CuCreateUser" time="64.866"/>
  <system-out/>
</testsuite> <!-- tests.ui.services.TC060_CuValidateDuplicateUser -->
