<?xml version="1.0" encoding="UTF-8"?>
<!-- Generated by org.testng.reporters.JUnitReportReporter -->
<testsuite hostname="TL1055" failures="0" tests="1" name="tests.ui.services.TC01_CreateAccount" time="56.679" errors="0" timestamp="2023-08-16T20:28:31 IST" skipped="0">
  <testcase classname="tests.ui.services.TC01_CreateAccount" name="createAccount" time="56.679"/>
  <system-out/>
</testsuite> <!-- tests.ui.services.TC01_CreateAccount -->
