<?xml version="1.0" encoding="UTF-8"?>
<!-- Generated by org.testng.reporters.JUnitReportReporter -->
<testsuite hostname="DESKTOP-OCA6S22" failures="0" tests="1" name="tests.ui.services.TC129_CreateRFPFromPastRFP" time="99.279" errors="0" timestamp="2024-06-27T12:34:59 IST" skipped="0">
  <testcase classname="tests.ui.services.TC129_CreateRFPFromPastRFP" name="CreateRFPFromPastRFP" time="99.279"/>
  <system-out/>
</testsuite> <!-- tests.ui.services.TC129_CreateRFPFromPastRFP -->
