<?xml version="1.0" encoding="UTF-8"?>
<!-- Generated by org.testng.reporters.JUnitReportReporter -->
<testsuite hostname="DESKTOP-OCA6S22" failures="0" tests="1" name="tests.ui.services.TC001_CuLogIn" time="44.906" errors="0" timestamp="2024-09-27T23:07:32 IST" skipped="0">
  <testcase classname="tests.ui.services.TC001_CuLogIn" name="cuLogIn" time="44.906"/>
  <system-out/>
</testsuite> <!-- tests.ui.services.TC001_CuLogIn -->
