<?xml version="1.0" encoding="UTF-8"?>
<!-- Generated by org.testng.reporters.JUnitReportReporter -->
<testsuite hostname="DESKTOP-OCA6S22" failures="0" tests="1" name="tests.ui.services.TC195_LandingPageFootertContact" time="42.803" errors="0" timestamp="2024-08-06T17:50:29 IST" skipped="0">
  <testcase classname="tests.ui.services.TC195_LandingPageFootertContact" name="LandingPageFooterContact" time="42.803"/>
  <system-out/>
</testsuite> <!-- tests.ui.services.TC195_LandingPageFootertContact -->
