<?xml version="1.0" encoding="UTF-8"?>
<!-- Generated by org.testng.reporters.JUnitReportReporter -->
<testsuite hostname="DESKTOP-OCA6S22" failures="0" tests="1" name="tests.ui.services.TC003_CreateRFPMandatoryFields" time="116.100" errors="0" timestamp="2024-05-07T13:31:02 IST" skipped="0">
  <testcase classname="tests.ui.services.TC003_CreateRFPMandatoryFields" name="createRFPMandatortyFields" time="116.100"/>
  <system-out/>
</testsuite> <!-- tests.ui.services.TC003_CreateRFPMandatoryFields -->
