<?xml version="1.0" encoding="UTF-8"?>
<!-- Generated by org.testng.reporters.JUnitReportReporter -->
<testsuite hostname="DESKTOP-OCA6S22" failures="0" tests="1" name="tests.ui.services.TC206_CuHelpCentreFAQServicesReview" time="53.812" errors="0" timestamp="2024-08-07T06:54:59 IST" skipped="0">
  <testcase classname="tests.ui.services.TC206_CuHelpCentreFAQServicesReview" name="CuHelpCentreFAQServicesReview" time="53.812"/>
  <system-out/>
</testsuite> <!-- tests.ui.services.TC206_CuHelpCentreFAQServicesReview -->
