<?xml version="1.0" encoding="UTF-8"?>
<!-- Generated by org.testng.reporters.JUnitReportReporter -->
<testsuite hostname="DESKTOP-OCA6S22" failures="0" tests="1" name="tests.ui.services.TC217_ProposalTaggedLSPUserDelete" time="71.017" errors="0" timestamp="2024-08-21T10:23:32 IST" skipped="0">
  <testcase classname="tests.ui.services.TC217_ProposalTaggedLSPUserDelete" name="proposalTaggedLSPUserDelete" time="71.017"/>
  <system-out/>
</testsuite> <!-- tests.ui.services.TC217_ProposalTaggedLSPUserDelete -->
