<?xml version="1.0" encoding="UTF-8"?>
<!-- Generated by org.testng.reporters.JUnitReportReporter -->
<testsuite hostname="DESKTOP-OCA6S22" failures="0" tests="1" name="tests.ui.services.TC031_SOWTax" time="130.319" errors="0" timestamp="2024-05-09T20:04:27 IST" skipped="0">
  <testcase classname="tests.ui.services.TC031_SOWTax" name="createRFPSOWTax" time="130.319"/>
  <system-out/>
</testsuite> <!-- tests.ui.services.TC031_SOWTax -->
