<?xml version="1.0" encoding="UTF-8"?>
<!-- Generated by org.testng.reporters.JUnitReportReporter -->
<testsuite hostname="DESKTOP-OCA6S22" failures="0" tests="1" name="tests.ui.services.TC147_LSPAnalyticsScoringCards" time="115.724" errors="0" timestamp="2024-07-04T08:59:20 IST" skipped="0">
  <testcase classname="tests.ui.services.TC147_LSPAnalyticsScoringCards" name="CreateAnalyticsScoringCards" time="115.724"/>
  <system-out/>
</testsuite> <!-- tests.ui.services.TC147_LSPAnalyticsScoringCards -->
