<?xml version="1.0" encoding="UTF-8"?>
<!-- Generated by org.testng.reporters.JUnitReportReporter -->
<testsuite hostname="DESKTOP-OCA6S22" failures="0" tests="1" name="tests.ui.services.TC127_CreateRFPWithCCROFF" time="149.824" errors="0" timestamp="2024-06-26T16:53:18 IST" skipped="0">
  <testcase classname="tests.ui.services.TC127_CreateRFPWithCCROFF" name="createRFPWithCCROFF" time="149.824"/>
  <system-out/>
</testsuite> <!-- tests.ui.services.TC127_CreateRFPWithCCROFF -->
