<?xml version="1.0" encoding="UTF-8"?>
<!-- Generated by org.testng.reporters.JUnitReportReporter -->
<testsuite hostname="DESKTOP-OCA6S22" failures="0" tests="1" name="tests.ui.services.TC063_CuUserGroupDeleteGroup" time="63.058" errors="0" timestamp="2024-05-22T19:14:07 IST" skipped="0">
  <testcase classname="tests.ui.services.TC063_CuUserGroupDeleteGroup" name="CuCreateUser" time="63.058"/>
  <system-out/>
</testsuite> <!-- tests.ui.services.TC063_CuUserGroupDeleteGroup -->
