<?xml version="1.0" encoding="UTF-8"?>
<!-- Generated by org.testng.reporters.JUnitReportReporter -->
<testsuite hostname="DESKTOP-OCA6S22" failures="0" tests="1" name="tests.ui.services.TC0010_CreateLSPRegistration" time="64.860" errors="0" timestamp="2024-04-04T15:15:33 IST" skipped="0">
  <testcase classname="tests.ui.services.TC0010_CreateLSPRegistration" name="CreateCuAccount" time="64.860"/>
  <system-out/>
</testsuite> <!-- tests.ui.services.TC0010_CreateLSPRegistration -->
