<?xml version="1.0" encoding="UTF-8"?>
<!-- Generated by org.testng.reporters.JUnitReportReporter -->
<testsuite hostname="DESKTOP-OCA6S22" failures="0" tests="1" name="tests.ui.services.TC066_CuUserGroupView" time="58.133" errors="0" timestamp="2024-05-22T20:54:28 IST" skipped="0">
  <testcase classname="tests.ui.services.TC066_CuUserGroupView" name="CuCreateUser" time="58.133"/>
  <system-out/>
</testsuite> <!-- tests.ui.services.TC066_CuUserGroupView -->
