<?xml version="1.0" encoding="UTF-8"?>
<!-- Generated by org.testng.reporters.JUnitReportReporter -->
<testsuite hostname="DESKTOP-OCA6S22" failures="0" tests="1" name="tests.ui.services.TC164_LandingPageHeaderMenuFAQ" time="27.907" errors="0" timestamp="2024-07-29T21:17:57 IST" skipped="0">
  <testcase classname="tests.ui.services.TC164_LandingPageHeaderMenuFAQ" name="LandingPageHeaderMenuFAQ" time="27.907"/>
  <system-out/>
</testsuite> <!-- tests.ui.services.TC164_LandingPageHeaderMenuFAQ -->
