<?xml version="1.0" encoding="UTF-8"?>
<!-- Generated by org.testng.reporters.JUnitReportReporter -->
<testsuite hostname="DESKTOP-OCA6S22" failures="0" tests="1" name="tests.ui.services.TC121_CuTriggerMailToSupportDashboard" time="54.017" errors="0" timestamp="2024-06-20T21:19:14 IST" skipped="0">
  <testcase classname="tests.ui.services.TC121_CuTriggerMailToSupportDashboard" name="CuTriggerMailToSupportDashboard" time="54.017"/>
  <system-out/>
</testsuite> <!-- tests.ui.services.TC121_CuTriggerMailToSupportDashboard -->
