<?xml version="1.0" encoding="UTF-8"?>
<!-- Generated by org.testng.reporters.JUnitReportReporter -->
<testsuite hostname="DESKTOP-OCA6S22" failures="0" tests="1" name="tests.ui.services.TC211_ProposalHelpCentreFAQRegistrationAccount" time="52.935" errors="0" timestamp="2024-08-07T09:24:20 IST" skipped="0">
  <testcase classname="tests.ui.services.TC211_ProposalHelpCentreFAQRegistrationAccount" name="proposalHelpCentreFAQRegistrationAccount" time="52.935"/>
  <system-out/>
</testsuite> <!-- tests.ui.services.TC211_ProposalHelpCentreFAQRegistrationAccount -->
