<?xml version="1.0" encoding="UTF-8"?>
<!-- Generated by org.testng.reporters.JUnitReportReporter -->
<testsuite hostname="DESKTOP-OCA6S22" failures="0" tests="1" name="tests.ui.services.TC213_ProposalHelpCentreFAQAnalytics" time="54.682" errors="0" timestamp="2024-08-07T09:32:29 IST" skipped="0">
  <testcase classname="tests.ui.services.TC213_ProposalHelpCentreFAQAnalytics" name="proposalHelpCentreFAQAnalytics" time="54.682"/>
  <system-out/>
</testsuite> <!-- tests.ui.services.TC213_ProposalHelpCentreFAQAnalytics -->
