<?xml version="1.0" encoding="UTF-8"?>
<!-- Generated by org.testng.reporters.JUnitReportReporter -->
<testsuite hostname="DESKTOP-OCA6S22" failures="0" tests="1" name="tests.ui.services.TC192_LandingPageFootertFAQAnalytics" time="28.483" errors="0" timestamp="2024-08-06T14:48:54 IST" skipped="0">
  <testcase classname="tests.ui.services.TC192_LandingPageFootertFAQAnalytics" name="LandingPageFooterFAQAnalytics" time="28.483"/>
  <system-out/>
</testsuite> <!-- tests.ui.services.TC192_LandingPageFootertFAQAnalytics -->
