<?xml version="1.0" encoding="UTF-8"?>
<!-- Generated by org.testng.reporters.JUnitReportReporter -->
<testsuite hostname="DESKTOP-OCA6S22" failures="0" tests="1" name="tests.ui.services.TC089_CuTemplateBankMoveSelected" time="73.059" errors="0" timestamp="2024-06-05T19:00:58 IST" skipped="0">
  <testcase classname="tests.ui.services.TC089_CuTemplateBankMoveSelected" name="createRFP" time="73.059"/>
  <system-out/>
</testsuite> <!-- tests.ui.services.TC089_CuTemplateBankMoveSelected -->
