<?xml version="1.0" encoding="UTF-8"?>
<!-- Generated by org.testng.reporters.JUnitReportReporter -->
<testsuite hostname="DESKTOP-OCA6S22" failures="0" tests="1" name="tests.ui.services.TC045_ProSOWFundInvestment" time="149.208" errors="0" timestamp="2024-05-12T13:16:33 IST" skipped="0">
  <testcase classname="tests.ui.services.TC045_ProSOWFundInvestment" name="propSOWFundInvestment" time="149.208"/>
  <system-out/>
</testsuite> <!-- tests.ui.services.TC045_ProSOWFundInvestment -->
