<?xml version="1.0" encoding="UTF-8"?>
<!-- Generated by org.testng.reporters.JUnitReportReporter -->
<testsuite hostname="DESKTOP-OCA6S22" failures="0" tests="1" name="tests.ui.services.TC120_CuHelpCenterTriggerMailToSupport" time="55.640" errors="0" timestamp="2024-06-20T21:05:22 IST" skipped="0">
  <testcase classname="tests.ui.services.TC120_CuHelpCenterTriggerMailToSupport" name="CuHelpCenterTriggerMailToSupport" time="55.640"/>
  <system-out/>
</testsuite> <!-- tests.ui.services.TC120_CuHelpCenterTriggerMailToSupport -->
