<?xml version="1.0" encoding="UTF-8"?>
<!-- Generated by org.testng.reporters.JUnitReportReporter -->
<testsuite hostname="DESKTOP-OCA6S22" failures="0" tests="1" name="tests.ui.services.TC111_CuChangePassword" time="57.031" errors="0" timestamp="2024-06-06T23:36:21 IST" skipped="0">
  <testcase classname="tests.ui.services.TC111_CuChangePassword" name="CuChangePassword" time="57.031"/>
  <system-out/>
</testsuite> <!-- tests.ui.services.TC111_CuChangePassword -->
