<?xml version="1.0" encoding="UTF-8"?>
<!-- Generated by org.testng.reporters.JUnitReportReporter -->
<testsuite hostname="DESKTOP-OCA6S22" failures="0" tests="1" name="tests.ui.services.TC197_LandingPageFootertMenuContactUsSignInLink" time="24.101" errors="0" timestamp="2024-08-06T18:51:26 IST" skipped="0">
  <testcase classname="tests.ui.services.TC197_LandingPageFootertMenuContactUsSignInLink" name="LandingPageFooterMenuContactUsSignInLink" time="24.101"/>
  <system-out/>
</testsuite> <!-- tests.ui.services.TC197_LandingPageFootertMenuContactUsSignInLink -->
