<?xml version="1.0" encoding="UTF-8"?>
<!-- Generated by org.testng.reporters.JUnitReportReporter -->
<testsuite hostname="DESKTOP-OCA6S22" failures="0" tests="1" name="tests.ui.services.TC005_LogInLSP" time="44.344" errors="0" timestamp="2024-04-04T10:55:32 IST" skipped="0">
  <testcase classname="tests.ui.services.TC005_LogInLSP" name="logIn" time="44.344"/>
  <system-out/>
</testsuite> <!-- tests.ui.services.TC005_LogInLSP -->
