<?xml version="1.0" encoding="UTF-8"?>
<!-- Generated by org.testng.reporters.JUnitReportReporter -->
<testsuite hostname="DESKTOP-OCA6S22" failures="0" tests="1" name="tests.ui.services.TC008_CreateCuRegistrationView" time="137.367" errors="0" timestamp="2024-04-04T11:13:22 IST" skipped="0">
  <testcase classname="tests.ui.services.TC008_CreateCuRegistrationView" name="CreateCuAccount" time="137.367"/>
  <system-out/>
</testsuite> <!-- tests.ui.services.TC008_CreateCuRegistrationView -->
