<?xml version="1.0" encoding="UTF-8"?>
<!-- Generated by org.testng.reporters.JUnitReportReporter -->
<testsuite hostname="DESKTOP-OCA6S22" failures="0" tests="1" name="tests.ui.services.TC058_CuAdditionalMainContact" time="48.314" errors="0" timestamp="2024-05-15T10:33:51 IST" skipped="0">
  <testcase classname="tests.ui.services.TC058_CuAdditionalMainContact" name="CuCreateUser" time="48.314"/>
  <system-out/>
</testsuite> <!-- tests.ui.services.TC058_CuAdditionalMainContact -->
