<?xml version="1.0" encoding="UTF-8"?>
<!-- Generated by org.testng.reporters.JUnitReportReporter -->
<testsuite hostname="DESKTOP-OCA6S22" failures="0" tests="1" name="tests.ui.services.TC091_CuPreferredPanelLawFirmsUploadDocx" time="49.002" errors="0" timestamp="2024-06-05T19:35:57 IST" skipped="0">
  <testcase classname="tests.ui.services.TC091_CuPreferredPanelLawFirmsUploadDocx" name="preferredPanelUpload" time="49.002"/>
  <system-out/>
</testsuite> <!-- tests.ui.services.TC091_CuPreferredPanelLawFirmsUploadDocx -->
