<?xml version="1.0" encoding="UTF-8"?>
<!-- Generated by org.testng.reporters.JUnitReportReporter -->
<testsuite hostname="DESKTOP-OCA6S22" failures="0" tests="1" name="tests.ui.services.TC143_CreateLSPSaveAsDrafts" time="300.733" errors="0" timestamp="2024-07-01T00:35:06 IST" skipped="0">
  <testcase classname="tests.ui.services.TC143_CreateLSPSaveAsDrafts" name="CreateLSPSaveAsDrafts" time="300.733"/>
  <system-out/>
</testsuite> <!-- tests.ui.services.TC143_CreateLSPSaveAsDrafts -->
