<?xml version="1.0" encoding="UTF-8"?>
<!-- Generated by org.testng.reporters.JUnitReportReporter -->
<testsuite hostname="DESKTOP-OCA6S22" failures="0" tests="1" name="tests.ui.services.TC136_LSPFinancialsAddCard" time="80.386" errors="0" timestamp="2024-06-27T17:53:07 IST" skipped="0">
  <testcase classname="tests.ui.services.TC136_LSPFinancialsAddCard" name="LSPFinancialsAddCard" time="80.386"/>
  <system-out/>
</testsuite> <!-- tests.ui.services.TC136_LSPFinancialsAddCard -->
