<?xml version="1.0" encoding="UTF-8"?>
<!-- Generated by org.testng.reporters.JUnitReportReporter -->
<testsuite hostname="DESKTOP-OCA6S22" failures="0" tests="1" name="tests.ui.services.TC172_LandingPageHeaderMenuFAQServicesReview" time="30.814" errors="0" timestamp="2024-07-29T23:08:57 IST" skipped="0">
  <testcase classname="tests.ui.services.TC172_LandingPageHeaderMenuFAQServicesReview" name="LandingPageHeaderMenuFAQServicesReview" time="30.814"/>
  <system-out/>
</testsuite> <!-- tests.ui.services.TC172_LandingPageHeaderMenuFAQServicesReview -->
