<?xml version="1.0" encoding="UTF-8"?>
<!-- Generated by org.testng.reporters.JUnitReportReporter -->
<testsuite hostname="DESKTOP-OCA6S22" failures="0" tests="1" name="tests.ui.services.TC016_SOWCompetition" time="182.853" errors="0" timestamp="2024-05-07T15:58:52 IST" skipped="0">
  <testcase classname="tests.ui.services.TC016_SOWCompetition" name="createRFPSOWCompetition" time="182.853"/>
  <system-out/>
</testsuite> <!-- tests.ui.services.TC016_SOWCompetition -->
