<?xml version="1.0" encoding="UTF-8"?>
<!-- Generated by org.testng.reporters.JUnitReportReporter -->
<testsuite hostname="DESKTOP-OCA6S22" failures="0" tests="1" name="tests.ui.services.TC028_SOWRestructuring" time="131.747" errors="0" timestamp="2024-05-09T21:28:47 IST" skipped="0">
  <testcase classname="tests.ui.services.TC028_SOWRestructuring" name="createRFPSOWRestructuring" time="131.747"/>
  <system-out/>
</testsuite> <!-- tests.ui.services.TC028_SOWRestructuring -->
