<?xml version="1.0" encoding="UTF-8"?>
<!-- Generated by org.testng.reporters.JUnitReportReporter -->
<testsuite hostname="DESKTOP-OCA6S22" failures="0" tests="1" name="tests.ui.services.TC043_PropSOWInfrastructureProjectsAndFinancing" time="154.949" errors="0" timestamp="2024-05-12T15:05:31 IST" skipped="0">
  <testcase classname="tests.ui.services.TC043_PropSOWInfrastructureProjectsAndFinancing" name="propSOWInfrastructureProjectsAndFinancing" time="154.949"/>
  <system-out/>
</testsuite> <!-- tests.ui.services.TC043_PropSOWInfrastructureProjectsAndFinancing -->
