<?xml version="1.0" encoding="UTF-8"?>
<!-- Generated by org.testng.reporters.JUnitReportReporter -->
<testsuite hostname="DESKTOP-OCA6S22" failures="0" tests="1" name="tests.ui.services.TC027_SOWArbitration" time="132.423" errors="0" timestamp="2024-05-10T10:40:43 IST" skipped="0">
  <testcase classname="tests.ui.services.TC027_SOWArbitration" name="createRFPSOWArbitration" time="132.423"/>
  <system-out/>
</testsuite> <!-- tests.ui.services.TC027_SOWArbitration -->
