<?xml version="1.0" encoding="UTF-8"?>
<!-- Generated by org.testng.reporters.JUnitReportReporter -->
<testsuite hostname="DESKTOP-OCA6S22" failures="0" tests="1" name="tests.ui.services.TC125_NonAccreditedBidders" time="141.969" errors="0" timestamp="2024-06-25T22:43:35 IST" skipped="0">
  <testcase classname="tests.ui.services.TC125_NonAccreditedBidders" name="nonAccreditedBidder" time="141.969"/>
  <system-out/>
</testsuite> <!-- tests.ui.services.TC125_NonAccreditedBidders -->
