<?xml version="1.0" encoding="UTF-8"?>
<!-- Generated by org.testng.reporters.JUnitReportReporter -->
<testsuite hostname="DESKTOP-OCA6S22" failures="0" tests="1" name="tests.ui.services.TC015_SOWCommercialContracts" time="124.233" errors="0" timestamp="2024-05-07T13:14:27 IST" skipped="0">
  <testcase classname="tests.ui.services.TC015_SOWCommercialContracts" name="createRFPSOWCommercialContracts" time="124.233"/>
  <system-out/>
</testsuite> <!-- tests.ui.services.TC015_SOWCommercialContracts -->
