<?xml version="1.0" encoding="UTF-8"?>
<!-- Generated by org.testng.reporters.JUnitReportReporter -->
<testsuite hostname="DESKTOP-OCA6S22" failures="0" tests="1" name="tests.ui.services.TC151_AdminPaymentPageSearch" time="65.689" errors="0" timestamp="2024-07-12T09:02:14 IST" skipped="0">
  <testcase classname="tests.ui.services.TC151_AdminPaymentPageSearch" name="AdminPaymentPageSearch" time="65.689"/>
  <system-out/>
</testsuite> <!-- tests.ui.services.TC151_AdminPaymentPageSearch -->
