<?xml version="1.0" encoding="UTF-8"?>
<!-- Generated by org.testng.reporters.JUnitReportReporter -->
<testsuite hostname="DESKTOP-OCA6S22" failures="0" tests="1" name="tests.ui.services.TC142_LSPImport" time="83.576" errors="0" timestamp="2024-07-01T01:46:48 IST" skipped="0">
  <testcase classname="tests.ui.services.TC142_LSPImport" name="CreateLSPSaveAsDrafts" time="83.576"/>
  <system-out/>
</testsuite> <!-- tests.ui.services.TC142_LSPImport -->
