<?xml version="1.0" encoding="UTF-8"?>
<!-- Generated by org.testng.reporters.JUnitReportReporter -->
<testsuite hostname="DESKTOP-OCA6S22" failures="0" tests="1" name="tests.ui.services.TC039_PropSOWCorporateMA" time="185.286" errors="0" timestamp="2024-05-07T20:02:22 IST" skipped="0">
  <testcase classname="tests.ui.services.TC039_PropSOWCorporateMA" name="propSOWCorporateMA" time="185.286"/>
  <system-out/>
</testsuite> <!-- tests.ui.services.TC039_PropSOWCorporateMA -->
