<?xml version="1.0" encoding="UTF-8"?>
<!-- Generated by org.testng.reporters.JUnitReportReporter -->
<testsuite hostname="DESKTOP-OCA6S22" failures="0" tests="1" name="tests.ui.services.TC122_CURFPListAbortStatus" time="60.491" errors="0" timestamp="2024-06-20T22:20:32 IST" skipped="0">
  <testcase classname="tests.ui.services.TC122_CURFPListAbortStatus" name="CURFPListAbortStatus" time="60.491"/>
  <system-out/>
</testsuite> <!-- tests.ui.services.TC122_CURFPListAbortStatus -->
