<?xml version="1.0" encoding="UTF-8"?>
<!-- Generated by org.testng.reporters.JUnitReportReporter -->
<testsuite hostname="DESKTOP-OCA6S22" failures="0" tests="1" name="tests.ui.services.TC176_LandingPageHeaderMenuInsights" time="27.526" errors="0" timestamp="2024-08-05T17:31:52 IST" skipped="0">
  <testcase classname="tests.ui.services.TC176_LandingPageHeaderMenuInsights" name="LandingPageHeaderMenuInsights" time="27.526"/>
  <system-out/>
</testsuite> <!-- tests.ui.services.TC176_LandingPageHeaderMenuInsights -->
