<?xml version="1.0" encoding="UTF-8"?>
<!-- Generated by org.testng.reporters.JUnitReportReporter -->
<testsuite hostname="DESKTOP-OCA6S22" failures="0" tests="1" name="tests.ui.services.TC170_LandingPageHeaderMenuFAQAnalytics" time="32.193" errors="0" timestamp="2024-07-29T23:02:35 IST" skipped="0">
  <testcase classname="tests.ui.services.TC170_LandingPageHeaderMenuFAQAnalytics" name="LandingPageHeaderMenuFAQAnalytics" time="32.193"/>
  <system-out/>
</testsuite> <!-- tests.ui.services.TC170_LandingPageHeaderMenuFAQAnalytics -->
