<?xml version="1.0" encoding="UTF-8"?>
<!-- Generated by org.testng.reporters.JUnitReportReporter -->
<testsuite hostname="DESKTOP-OCA6S22" failures="0" tests="1" name="tests.ui.services.TC026_SOWLitigation" time="128.311" errors="0" timestamp="2024-05-12T09:02:32 IST" skipped="0">
  <testcase classname="tests.ui.services.TC026_SOWLitigation" name="createRFPSOWLitigation" time="128.311"/>
  <system-out/>
</testsuite> <!-- tests.ui.services.TC026_SOWLitigation -->
