<?xml version="1.0" encoding="UTF-8"?>
<!-- Generated by org.testng.reporters.JUnitReportReporter -->
<testsuite hostname="DESKTOP-OCA6S22" failures="0" tests="1" name="tests.ui.services.TC113_CuServicesReviewAdd" time="65.541" errors="0" timestamp="2024-06-07T01:14:21 IST" skipped="0">
  <testcase classname="tests.ui.services.TC113_CuServicesReviewAdd" name="CuEditCompanyDetails" time="65.541"/>
  <system-out/>
</testsuite> <!-- tests.ui.services.TC113_CuServicesReviewAdd -->
