<?xml version="1.0" encoding="UTF-8"?>
<!-- Generated by org.testng.reporters.JUnitReportReporter -->
<testsuite hostname="DESKTOP-OCA6S22" failures="0" tests="1" name="tests.ui.services.TC165_LandingPageHeaderMenuFAQKeyFeatures" time="31.019" errors="0" timestamp="2024-07-29T21:58:42 IST" skipped="0">
  <testcase classname="tests.ui.services.TC165_LandingPageHeaderMenuFAQKeyFeatures" name="LandingPageHeaderMenuFAQKeyFeatures" time="31.019"/>
  <system-out/>
</testsuite> <!-- tests.ui.services.TC165_LandingPageHeaderMenuFAQKeyFeatures -->
