<?xml version="1.0" encoding="UTF-8"?>
<!-- Generated by org.testng.reporters.JUnitReportReporter -->
<testsuite hostname="DESKTOP-OCA6S22" failures="0" tests="1" name="tests.ui.services.TC030_SOWRegulatory" time="137.939" errors="0" timestamp="2024-05-09T20:23:51 IST" skipped="0">
  <testcase classname="tests.ui.services.TC030_SOWRegulatory" name="createRFPSOWRegulatory" time="137.939"/>
  <system-out/>
</testsuite> <!-- tests.ui.services.TC030_SOWRegulatory -->
