<?xml version="1.0" encoding="UTF-8"?>
<!-- Generated by org.testng.reporters.JUnitReportReporter -->
<testsuite hostname="DESKTOP-OCA6S22" failures="0" tests="1" name="tests.ui.services.TC076_ProposalAddMultipleUsers" time="85.090" errors="0" timestamp="2024-05-22T23:46:05 IST" skipped="0">
  <testcase classname="tests.ui.services.TC076_ProposalAddMultipleUsers" name="ProposalAddMultipleUsers" time="85.090"/>
  <system-out/>
</testsuite> <!-- tests.ui.services.TC076_ProposalAddMultipleUsers -->
