<?xml version="1.0" encoding="UTF-8"?>
<!-- Generated by org.testng.reporters.JUnitReportReporter -->
<testsuite hostname="DESKTOP-OCA6S22" failures="0" tests="1" name="tests.ui.services.TC126_RFPDiscloseBidders" time="154.845" errors="0" timestamp="2024-06-25T23:29:16 IST" skipped="0">
  <testcase classname="tests.ui.services.TC126_RFPDiscloseBidders" name="discloseBidders" time="154.845"/>
  <system-out/>
</testsuite> <!-- tests.ui.services.TC126_RFPDiscloseBidders -->
