<?xml version="1.0" encoding="UTF-8"?>
<!-- Generated by org.testng.reporters.JUnitReportReporter -->
<testsuite hostname="DESKTOP-OCA6S22" failures="0" tests="1" name="tests.ui.services.TC173_LandingPageHeaderMenuContact" time="68.576" errors="0" timestamp="2024-07-31T10:24:35 IST" skipped="0">
  <testcase classname="tests.ui.services.TC173_LandingPageHeaderMenuContact" name="LandingPageHeaderMenuFAQServicesReview" time="68.576"/>
  <system-out/>
</testsuite> <!-- tests.ui.services.TC173_LandingPageHeaderMenuContact -->
