<?xml version="1.0" encoding="UTF-8"?>
<!-- Generated by org.testng.reporters.JUnitReportReporter -->
<testsuite hostname="DESKTOP-OCA6S22" failures="0" tests="1" name="tests.ui.services.TC144_CuAnalytics" time="105.608" errors="0" timestamp="2024-07-03T13:04:54 IST" skipped="0">
  <testcase classname="tests.ui.services.TC144_CuAnalytics" name="CuAnalytics" time="105.608"/>
  <system-out/>
</testsuite> <!-- tests.ui.services.TC144_CuAnalytics -->
