<?xml version="1.0" encoding="UTF-8"?>
<!-- Generated by org.testng.reporters.JUnitReportReporter -->
<testsuite hostname="DESKTOP-OCA6S22" failures="0" tests="1" name="tests.ui.services.TC068_CuUserGroupAddAdmin" time="64.960" errors="0" timestamp="2024-05-22T21:33:03 IST" skipped="0">
  <testcase classname="tests.ui.services.TC068_CuUserGroupAddAdmin" name="CuUserGroupAddAdmin" time="64.960"/>
  <system-out/>
</testsuite> <!-- tests.ui.services.TC068_CuUserGroupAddAdmin -->
