<?xml version="1.0" encoding="UTF-8"?>
<!-- Generated by org.testng.reporters.JUnitReportReporter -->
<testsuite hostname="DESKTOP-OCA6S22" failures="0" tests="1" name="tests.ui.services.TC088_CuTemplateBankDelete" time="49.440" errors="0" timestamp="2024-06-03T20:29:01 IST" skipped="0">
  <testcase classname="tests.ui.services.TC088_CuTemplateBankDelete" name="CuTemplateBankView" time="49.440"/>
  <system-out/>
</testsuite> <!-- tests.ui.services.TC088_CuTemplateBankDelete -->
