<?xml version="1.0" encoding="UTF-8"?>
<!-- Generated by org.testng.reporters.JUnitReportReporter -->
<testsuite hostname="DESKTOP-OCA6S22" failures="0" tests="1" name="tests.ui.services.TC175_LandingPageHeaderMenuContactUsSignInLink" time="33.178" errors="0" timestamp="2024-07-31T11:32:49 IST" skipped="0">
  <testcase classname="tests.ui.services.TC175_LandingPageHeaderMenuContactUsSignInLink" name="LandingPageHeaderMenuContactUsSignInLink" time="33.178"/>
  <system-out/>
</testsuite> <!-- tests.ui.services.TC175_LandingPageHeaderMenuContactUsSignInLink -->
