<?xml version="1.0" encoding="UTF-8"?>
<!-- Generated by org.testng.reporters.JUnitReportReporter -->
<testsuite hostname="DESKTOP-OCA6S22" failures="0" tests="1" name="tests.ui.services.TC119_ProposalTemplateBankMoveAllContents" time="100.677" errors="0" timestamp="2024-06-13T21:02:53 IST" skipped="0">
  <testcase classname="tests.ui.services.TC119_ProposalTemplateBankMoveAllContents" name="ProposalTemplateBankDelete" time="100.677"/>
  <system-out/>
</testsuite> <!-- tests.ui.services.TC119_ProposalTemplateBankMoveAllContents -->
