<?xml version="1.0" encoding="UTF-8"?>
<!-- Generated by org.testng.reporters.JUnitReportReporter -->
<testsuite hostname="DESKTOP-OCA6S22" failures="0" tests="1" name="tests.ui.services.TC202_CuHelpCentreFAQRequestForProposals" time="53.989" errors="0" timestamp="2024-08-07T06:36:00 IST" skipped="0">
  <testcase classname="tests.ui.services.TC202_CuHelpCentreFAQRequestForProposals" name="CuHelpCentreFAQRequestForProposals" time="53.989"/>
  <system-out/>
</testsuite> <!-- tests.ui.services.TC202_CuHelpCentreFAQRequestForProposals -->
