<?xml version="1.0" encoding="UTF-8"?>
<!-- Generated by org.testng.reporters.JUnitReportReporter -->
<testsuite hostname="DESKTOP-OCA6S22" failures="0" tests="1" name="tests.ui.services.TC169_LandingPageHeaderMenuFAQRFPsinProgress" time="30.911" errors="0" timestamp="2024-07-29T22:55:30 IST" skipped="0">
  <testcase classname="tests.ui.services.TC169_LandingPageHeaderMenuFAQRFPsinProgress" name="LandingPageHeaderMenuFAQRFPsinProgress" time="30.911"/>
  <system-out/>
</testsuite> <!-- tests.ui.services.TC169_LandingPageHeaderMenuFAQRFPsinProgress -->
