<?xml version="1.0" encoding="UTF-8"?>
<!-- Generated by org.testng.reporters.JUnitReportReporter -->
<testsuite hostname="DESKTOP-OCA6S22" failures="0" tests="1" name="tests.ui.services.TC196_LandingPageFootertMenuContactUsFAQLink" time="25.627" errors="0" timestamp="2024-08-06T18:47:15 IST" skipped="0">
  <testcase classname="tests.ui.services.TC196_LandingPageFootertMenuContactUsFAQLink" name="LandingPageFooterMenuContactUsFAQLink" time="25.627"/>
  <system-out/>
</testsuite> <!-- tests.ui.services.TC196_LandingPageFootertMenuContactUsFAQLink -->
