<?xml version="1.0" encoding="UTF-8"?>
<!-- Generated by org.testng.reporters.JUnitReportReporter -->
<testsuite hostname="DESKTOP-OCA6S22" failures="0" tests="1" name="tests.ui.services.TC070_ProposalCreateUser" time="66.736" errors="0" timestamp="2024-05-22T22:58:21 IST" skipped="0">
  <testcase classname="tests.ui.services.TC070_ProposalCreateUser" name="ProposalCreateUser" time="66.736"/>
  <system-out/>
</testsuite> <!-- tests.ui.services.TC070_ProposalCreateUser -->
