<?xml version="1.0" encoding="UTF-8"?>
<!-- Generated by org.testng.reporters.JUnitReportReporter -->
<testsuite hostname="DESKTOP-OCA6S22" failures="0" tests="1" name="tests.ui.services.TC182_LandingPageFootertInsights" time="23.326" errors="0" timestamp="2024-08-06T10:12:32 IST" skipped="0">
  <testcase classname="tests.ui.services.TC182_LandingPageFootertInsights" name="LandingPageFooterAboutUs" time="23.326"/>
  <system-out/>
</testsuite> <!-- tests.ui.services.TC182_LandingPageFootertInsights -->
