<?xml version="1.0" encoding="UTF-8"?>
<!-- Generated by org.testng.reporters.JUnitReportReporter -->
<testsuite hostname="DESKTOP-OCA6S22" failures="0" tests="1" name="tests.ui.services.TC166_LandingPageHeaderMenuFAQRegistration" time="28.992" errors="0" timestamp="2024-07-29T22:12:35 IST" skipped="0">
  <testcase classname="tests.ui.services.TC166_LandingPageHeaderMenuFAQRegistration" name="LandingPageHeaderMenuFAQRegistration" time="28.992"/>
  <system-out/>
</testsuite> <!-- tests.ui.services.TC166_LandingPageHeaderMenuFAQRegistration -->
