<?xml version="1.0" encoding="UTF-8"?>
<!-- Generated by org.testng.reporters.JUnitReportReporter -->
<testsuite hostname="DESKTOP-OCA6S22" failures="0" tests="1" name="tests.ui.services.TC023_SOWFundInvestment" time="141.065" errors="0" timestamp="2024-05-12T12:55:36 IST" skipped="0">
  <testcase classname="tests.ui.services.TC023_SOWFundInvestment" name="proposalSOWFundInvestment" time="141.065"/>
  <system-out/>
</testsuite> <!-- tests.ui.services.TC023_SOWFundInvestment -->
