<?xml version="1.0" encoding="UTF-8"?>
<!-- Generated by org.testng.reporters.JUnitReportReporter -->
<testsuite hostname="DESKTOP-OCA6S22" failures="0" tests="1" name="tests.ui.services.TC053_PropSOWTax" time="168.667" errors="0" timestamp="2024-05-09T20:09:17 IST" skipped="0">
  <testcase classname="tests.ui.services.TC053_PropSOWTax" name="propSOWTax" time="168.667"/>
  <system-out/>
</testsuite> <!-- tests.ui.services.TC053_PropSOWTax -->
