<?xml version="1.0" encoding="UTF-8"?>
<!-- Generated by org.testng.reporters.JUnitReportReporter -->
<testsuite hostname="DESKTOP-OCA6S22" failures="0" tests="1" name="tests.ui.services.TC077_ProposalValidateDuplicateUser" time="74.279" errors="0" timestamp="2024-05-22T23:54:36 IST" skipped="0">
  <testcase classname="tests.ui.services.TC077_ProposalValidateDuplicateUser" name="ProposalValidateDuplicateUser" time="74.279"/>
  <system-out/>
</testsuite> <!-- tests.ui.services.TC077_ProposalValidateDuplicateUser -->
