<?xml version="1.0" encoding="UTF-8"?>
<!-- Generated by org.testng.reporters.JUnitReportReporter -->
<testsuite hostname="DESKTOP-OCA6S22" failures="0" tests="1" name="tests.ui.services.TC001_LogInAdmin" time="32.883" errors="0" timestamp="2024-03-27T09:31:43 IST" skipped="0">
  <testcase classname="tests.ui.services.TC001_LogInAdmin" name="logIn" time="32.883"/>
  <system-out/>
</testsuite> <!-- tests.ui.services.TC001_LogInAdmin -->
