<?xml version="1.0" encoding="UTF-8"?>
<!-- Generated by org.testng.reporters.JUnitReportReporter -->
<testsuite hostname="DESKTOP-OCA6S22" failures="0" tests="1" name="tests.ui.services.TC003_CreateRFP" time="186.967" errors="0" timestamp="2024-03-27T00:15:50 IST" skipped="0">
  <testcase classname="tests.ui.services.TC003_CreateRFP" name="createRFP" time="186.967"/>
  <system-out/>
</testsuite> <!-- tests.ui.services.TC003_CreateRFP -->
