<?xml version="1.0" encoding="UTF-8"?>
<!-- Generated by org.testng.reporters.JUnitReportReporter -->
<testsuite hostname="DESKTOP-OCA6S22" failures="0" tests="1" name="tests.ui.services.TC190_LandingPageFootertFAQRequestForProposals" time="29.567" errors="0" timestamp="2024-08-06T13:32:42 IST" skipped="0">
  <testcase classname="tests.ui.services.TC190_LandingPageFootertFAQRequestForProposals" name="LandingPageFooterFAQRequestForProposals" time="29.567"/>
  <system-out/>
</testsuite> <!-- tests.ui.services.TC190_LandingPageFootertFAQRequestForProposals -->
