<?xml version="1.0" encoding="UTF-8"?>
<!-- Generated by org.testng.reporters.JUnitReportReporter -->
<testsuite hostname="DESKTOP-OCA6S22" failures="0" tests="1" name="tests.ui.services.TC141_LSPExport" time="140.874" errors="0" timestamp="2024-07-01T00:15:52 IST" skipped="0">
  <testcase classname="tests.ui.services.TC141_LSPExport" name="CreateLSPSaveAsDrafts" time="140.874"/>
  <system-out/>
</testsuite> <!-- tests.ui.services.TC141_LSPExport -->
