<?xml version="1.0" encoding="UTF-8"?>
<!-- Generated by org.testng.reporters.JUnitReportReporter -->
<testsuite hostname="DESKTOP-OCA6S22" failures="0" tests="1" name="tests.ui.services.TC049_PropSOWArbitration" time="167.114" errors="0" timestamp="2024-05-10T10:44:03 IST" skipped="0">
  <testcase classname="tests.ui.services.TC049_PropSOWArbitration" name="propSOWArbitration" time="167.114"/>
  <system-out/>
</testsuite> <!-- tests.ui.services.TC049_PropSOWArbitration -->
