<?xml version="1.0" encoding="UTF-8"?>
<!-- Generated by org.testng.reporters.JUnitReportReporter -->
<testsuite hostname="DESKTOP-OCA6S22" failures="0" tests="1" name="tests.ui.services.TC123_CuAccessRulesPrivate" time="150.164" errors="0" timestamp="2024-06-25T19:17:11 IST" skipped="0">
  <testcase classname="tests.ui.services.TC123_CuAccessRulesPrivate" name="cuAccessRulesPrivate" time="150.164"/>
  <system-out/>
</testsuite> <!-- tests.ui.services.TC123_CuAccessRulesPrivate -->
