<?xml version="1.0" encoding="UTF-8"?>
<!-- Generated by org.testng.reporters.JUnitReportReporter -->
<testsuite hostname="DESKTOP-OCA6S22" failures="0" tests="1" name="tests.ui.services.TC064_CuUserGroupChangeStatusActivate" time="60.533" errors="0" timestamp="2024-05-22T20:27:51 IST" skipped="0">
  <testcase classname="tests.ui.services.TC064_CuUserGroupChangeStatusActivate" name="CuUserGroupChangeStatusActivate" time="60.533"/>
  <system-out/>
</testsuite> <!-- tests.ui.services.TC064_CuUserGroupChangeStatusActivate -->
