<?xml version="1.0" encoding="UTF-8"?>
<!-- Generated by org.testng.reporters.JUnitReportReporter -->
<testsuite hostname="DESKTOP-OCA6S22" failures="0" tests="1" name="tests.ui.services.TC108_CuPreferredPanelLawFirmsRemoveStar" time="53.772" errors="0" timestamp="2024-06-06T00:25:01 IST" skipped="0">
  <testcase classname="tests.ui.services.TC108_CuPreferredPanelLawFirmsRemoveStar" name="preferredPanelRemoveStar" time="53.772"/>
  <system-out/>
</testsuite> <!-- tests.ui.services.TC108_CuPreferredPanelLawFirmsRemoveStar -->
