<?xml version="1.0" encoding="UTF-8"?>
<!-- Generated by org.testng.reporters.JUnitReportReporter -->
<testsuite hostname="DESKTOP-OCA6S22" failures="0" tests="1" name="tests.ui.services.TC020_SOWFinancingAndCapitalMarkets" time="173.718" errors="0" timestamp="2024-05-08T20:23:56 IST" skipped="0">
  <testcase classname="tests.ui.services.TC020_SOWFinancingAndCapitalMarkets" name="createRFPSOWFinancingAndCapitalMarkets" time="173.718"/>
  <system-out/>
</testsuite> <!-- tests.ui.services.TC020_SOWFinancingAndCapitalMarkets -->
