<?xml version="1.0" encoding="UTF-8"?>
<!-- Generated by org.testng.reporters.JUnitReportReporter -->
<testsuite hostname="DESKTOP-OCA6S22" failures="0" tests="1" name="tests.ui.services.TC024_SOWIP" time="116.195" errors="0" timestamp="2024-05-10T23:16:15 IST" skipped="0">
  <testcase classname="tests.ui.services.TC024_SOWIP" name="createRFPSOWIP" time="116.195"/>
  <system-out/>
</testsuite> <!-- tests.ui.services.TC024_SOWIP -->
