<?xml version="1.0" encoding="UTF-8"?>
<!-- Generated by org.testng.reporters.JUnitReportReporter -->
<testsuite hostname="DESKTOP-OCA6S22" failures="0" tests="1" name="tests.ui.services.TC086_ProposalUserGroupRemoveAdmin" time="61.672" errors="0" timestamp="2024-05-23T01:21:45 IST" skipped="0">
  <testcase classname="tests.ui.services.TC086_ProposalUserGroupRemoveAdmin" name="ProposalUserGroupRemoveAdmin" time="61.672"/>
  <system-out/>
</testsuite> <!-- tests.ui.services.TC086_ProposalUserGroupRemoveAdmin -->
