<?xml version="1.0" encoding="UTF-8"?>
<!-- Generated by org.testng.reporters.JUnitReportReporter -->
<testsuite hostname="DESKTOP-OCA6S22" failures="0" tests="1" name="tests.ui.services.TC177_LandingPageHeaderGetStarted" time="21.603" errors="0" timestamp="2024-08-05T18:15:35 IST" skipped="0">
  <testcase classname="tests.ui.services.TC177_LandingPageHeaderGetStarted" name="LandingPageHeaderMenuInsights" time="21.603"/>
  <system-out/>
</testsuite> <!-- tests.ui.services.TC177_LandingPageHeaderGetStarted -->
