<?xml version="1.0" encoding="UTF-8"?>
<!-- Generated by org.testng.reporters.JUnitReportReporter -->
<testsuite hostname="DESKTOP-OCA6S22" failures="0" tests="1" name="tests.ui.services.TC115_CreateProposalTemplateAllFields" time="384.556" errors="0" timestamp="2024-06-13T20:13:36 IST" skipped="0">
  <testcase classname="tests.ui.services.TC115_CreateProposalTemplateAllFields" name="createProposalTemplateAllFields" time="384.556"/>
  <system-out/>
</testsuite> <!-- tests.ui.services.TC115_CreateProposalTemplateAllFields -->
