<?xml version="1.0" encoding="UTF-8"?>
<!-- Generated by org.testng.reporters.JUnitReportReporter -->
<testsuite hostname="DESKTOP-OCA6S22" failures="0" tests="1" name="tests.ui.services.TC191_LandingPageFootertFAQRFPsInProgress" time="28.843" errors="0" timestamp="2024-08-06T14:42:21 IST" skipped="0">
  <testcase classname="tests.ui.services.TC191_LandingPageFootertFAQRFPsInProgress" name="LandingPageFooterFAQRFPsInProgress" time="28.843"/>
  <system-out/>
</testsuite> <!-- tests.ui.services.TC191_LandingPageFootertFAQRFPsInProgress -->
