<?xml version="1.0" encoding="UTF-8"?>
<!-- Generated by org.testng.reporters.JUnitReportReporter -->
<testsuite hostname="DESKTOP-OCA6S22" failures="0" tests="1" name="tests.ui.services.TC106_CuPreferredPanelLawFirmsInstructionsView" time="43.167" errors="0" timestamp="2024-06-05T21:10:47 IST" skipped="0">
  <testcase classname="tests.ui.services.TC106_CuPreferredPanelLawFirmsInstructionsView" name="preferredPanelUpload" time="43.167"/>
  <system-out/>
</testsuite> <!-- tests.ui.services.TC106_CuPreferredPanelLawFirmsInstructionsView -->
