<?xml version="1.0" encoding="UTF-8"?>
<!-- Generated by org.testng.reporters.JUnitReportReporter -->
<testsuite hostname="DESKTOP-OCA6S22" failures="0" tests="1" name="tests.ui.services.TC114_CuServicesReviewView" time="67.616" errors="0" timestamp="2024-06-20T20:11:55 IST" skipped="0">
  <testcase classname="tests.ui.services.TC114_CuServicesReviewView" name="CuServicesReviewView" time="67.616"/>
  <system-out/>
</testsuite> <!-- tests.ui.services.TC114_CuServicesReviewView -->
