<?xml version="1.0" encoding="UTF-8"?>
<!-- Generated by org.testng.reporters.JUnitReportReporter -->
<testsuite hostname="DESKTOP-OCA6S22" failures="0" tests="1" name="tests.ui.services.TC057_CuEditUser" time="50.082" errors="0" timestamp="2024-05-15T19:56:28 IST" skipped="0">
  <testcase classname="tests.ui.services.TC057_CuEditUser" name="CuCreateUser" time="50.082"/>
  <system-out/>
</testsuite> <!-- tests.ui.services.TC057_CuEditUser -->
