<?xml version="1.0" encoding="UTF-8"?>
<!-- Generated by org.testng.reporters.JUnitReportReporter -->
<testsuite hostname="DESKTOP-OCA6S22" failures="0" tests="1" name="tests.ui.services.TC178_LandingPageFooterGetStarted" time="21.129" errors="0" timestamp="2024-08-05T18:24:12 IST" skipped="0">
  <testcase classname="tests.ui.services.TC178_LandingPageFooterGetStarted" name="LandingPageFooterMenuInsights" time="21.129"/>
  <system-out/>
</testsuite> <!-- tests.ui.services.TC178_LandingPageFooterGetStarted -->
