<?xml version="1.0" encoding="UTF-8"?>
<!-- Generated by org.testng.reporters.JUnitReportReporter -->
<testsuite hostname="DESKTOP-OCA6S22" failures="0" tests="1" name="tests.ui.services.TC018_SOWDataProtection" time="180.661" errors="0" timestamp="2024-05-08T00:26:12 IST" skipped="0">
  <testcase classname="tests.ui.services.TC018_SOWDataProtection" name="createRFP" time="180.661"/>
  <system-out/>
</testsuite> <!-- tests.ui.services.TC018_SOWDataProtection -->
