<?xml version="1.0" encoding="UTF-8"?>
<!-- Generated by org.testng.reporters.JUnitReportReporter -->
<testsuite hostname="DESKTOP-OCA6S22" failures="0" tests="1" name="tests.ui.services.TC087_CuTemplateBankView" time="48.212" errors="0" timestamp="2024-06-03T19:42:19 IST" skipped="0">
  <testcase classname="tests.ui.services.TC087_CuTemplateBankView" name="CuTemplateBankView" time="48.212"/>
  <system-out/>
</testsuite> <!-- tests.ui.services.TC087_CuTemplateBankView -->
