<?xml version="1.0" encoding="UTF-8"?>
<!-- Generated by org.testng.reporters.JUnitReportReporter -->
<testsuite hostname="DESKTOP-OCA6S22" failures="0" tests="1" name="tests.ui.services.TC017_SOWCorporateMA" time="162.319" errors="0" timestamp="2024-05-07T19:55:19 IST" skipped="0">
  <testcase classname="tests.ui.services.TC017_SOWCorporateMA" name="createRFPSOWCorporateMA" time="162.319"/>
  <system-out/>
</testsuite> <!-- tests.ui.services.TC017_SOWCorporateMA -->
