<?xml version="1.0" encoding="UTF-8"?>
<!-- Generated by org.testng.reporters.JUnitReportReporter -->
<testsuite hostname="DESKTOP-OCA6S22" failures="0" tests="1" name="tests.ui.services.TC022_SOWFundFormation" time="265.535" errors="0" timestamp="2024-05-13T23:36:33 IST" skipped="0">
  <testcase classname="tests.ui.services.TC022_SOWFundFormation" name="createRFPSOWFundFormation" time="265.535"/>
  <system-out/>
</testsuite> <!-- tests.ui.services.TC022_SOWFundFormation -->
