<?xml version="1.0" encoding="UTF-8"?>
<!-- Generated by org.testng.reporters.JUnitReportReporter -->
<testsuite hostname="DESKTOP-OCA6S22" failures="0" tests="1" name="tests.ui.services.TC079_ProposalEditUserGroups" time="68.782" errors="0" timestamp="2024-05-23T00:23:16 IST" skipped="0">
  <testcase classname="tests.ui.services.TC079_ProposalEditUserGroups" name="ProposalEditUserGroups" time="68.782"/>
  <system-out/>
</testsuite> <!-- tests.ui.services.TC079_ProposalEditUserGroups -->
