<?xml version="1.0" encoding="UTF-8"?>
<!-- Generated by org.testng.reporters.JUnitReportReporter -->
<testsuite hostname="DESKTOP-OCA6S22" failures="0" tests="1" name="tests.ui.services.TC210_ProposalHelpCentreFAQTemplatesBank" time="48.304" errors="0" timestamp="2024-08-07T09:20:41 IST" skipped="0">
  <testcase classname="tests.ui.services.TC210_ProposalHelpCentreFAQTemplatesBank" name="proposalHelpCentreFAQTemplatesBank" time="48.304"/>
  <system-out/>
</testsuite> <!-- tests.ui.services.TC210_ProposalHelpCentreFAQTemplatesBank -->
