<?xml version="1.0" encoding="UTF-8"?>
<!-- Generated by org.testng.reporters.JUnitReportReporter -->
<testsuite hostname="DESKTOP-OCA6S22" failures="0" tests="1" name="tests.ui.services.TC117_ProposalTemplateBankDelete" time="63.480" errors="0" timestamp="2024-06-13T15:02:15 IST" skipped="0">
  <testcase classname="tests.ui.services.TC117_ProposalTemplateBankDelete" name="ProposalTemplateBankDelete" time="63.480"/>
  <system-out/>
</testsuite> <!-- tests.ui.services.TC117_ProposalTemplateBankDelete -->
