<?xml version="1.0" encoding="UTF-8"?>
<!-- Generated by org.testng.reporters.JUnitReportReporter -->
<testsuite hostname="DESKTOP-OCA6S22" failures="0" tests="1" name="tests.ui.services.TC146_CuAnalyticsInvitationsOutcomes" time="150.363" errors="0" timestamp="2024-07-09T20:55:12 IST" skipped="0">
  <testcase classname="tests.ui.services.TC146_CuAnalyticsInvitationsOutcomes" name="CuAnalytics" time="150.363"/>
  <system-out/>
</testsuite> <!-- tests.ui.services.TC146_CuAnalyticsInvitationsOutcomes -->
