<?xml version="1.0" encoding="UTF-8"?>
<!-- Generated by org.testng.reporters.JUnitReportReporter -->
<testsuite hostname="DESKTOP-OCA6S22" failures="0" tests="1" name="tests.ui.services.TC006_CreateCuRegistrationReject" time="142.260" errors="0" timestamp="2024-04-04T11:03:00 IST" skipped="0">
  <testcase classname="tests.ui.services.TC006_CreateCuRegistrationReject" name="CreateCuAccount" time="142.260"/>
  <system-out/>
</testsuite> <!-- tests.ui.services.TC006_CreateCuRegistrationReject -->
