<?xml version="1.0" encoding="UTF-8"?>
<!-- Generated by org.testng.reporters.JUnitReportReporter -->
<testsuite hostname="DESKTOP-OCA6S22" failures="0" tests="1" name="tests.ui.services.TC212_ProposalHelpCentreFAQProposalsInProgress" time="56.521" errors="0" timestamp="2024-08-07T09:28:15 IST" skipped="0">
  <testcase classname="tests.ui.services.TC212_ProposalHelpCentreFAQProposalsInProgress" name="proposalHelpCentreFAQProposalsinProgress" time="56.521"/>
  <system-out/>
</testsuite> <!-- tests.ui.services.TC212_ProposalHelpCentreFAQProposalsInProgress -->
