<?xml version="1.0" encoding="UTF-8"?>
<!-- Generated by org.testng.reporters.JUnitReportReporter -->
<testsuite hostname="DESKTOP-OCA6S22" failures="0" tests="1" name="tests.ui.services.TC138_LSPFinancialsUpdate" time="99.194" errors="0" timestamp="2024-06-30T19:36:12 IST" skipped="0">
  <testcase classname="tests.ui.services.TC138_LSPFinancialsUpdate" name="LSPFinancialsUpdate" time="99.194"/>
  <system-out/>
</testsuite> <!-- tests.ui.services.TC138_LSPFinancialsUpdate -->
