<?xml version="1.0" encoding="UTF-8"?>
<!-- Generated by org.testng.reporters.JUnitReportReporter -->
<testsuite hostname="DESKTOP-OCA6S22" failures="0" tests="1" name="tests.ui.services.TC174_LandingPageHeaderMenuContactUsFAQLink" time="39.716" errors="0" timestamp="2024-07-31T10:53:22 IST" skipped="0">
  <testcase classname="tests.ui.services.TC174_LandingPageHeaderMenuContactUsFAQLink" name="LandingPageHeaderMenuContactUsFAQLink" time="39.716"/>
  <system-out/>
</testsuite> <!-- tests.ui.services.TC174_LandingPageHeaderMenuContactUsFAQLink -->
