<?xml version="1.0" encoding="UTF-8"?>
<!-- Generated by org.testng.reporters.JUnitReportReporter -->
<testsuite hostname="DESKTOP-OCA6S22" failures="0" tests="1" name="tests.ui.services.TC051_PropSOWInsolvancy" time="167.895" errors="0" timestamp="2024-05-10T10:29:53 IST" skipped="0">
  <testcase classname="tests.ui.services.TC051_PropSOWInsolvancy" name="propSOWInsolvancy" time="167.895"/>
  <system-out/>
</testsuite> <!-- tests.ui.services.TC051_PropSOWInsolvancy -->
