<?xml version="1.0" encoding="UTF-8"?>
<!-- Generated by org.testng.reporters.JUnitReportReporter -->
<testsuite hostname="DESKTOP-OCA6S22" failures="0" tests="1" name="tests.ui.services.TC034_ProposalSideBySide" time="94.681" errors="0" timestamp="2024-06-30T20:49:00 IST" skipped="0">
  <testcase classname="tests.ui.services.TC034_ProposalSideBySide" name="proposalSideBySide" time="94.681"/>
  <system-out/>
</testsuite> <!-- tests.ui.services.TC034_ProposalSideBySide -->
