<?xml version="1.0" encoding="UTF-8"?>
<!-- Generated by org.testng.reporters.JUnitReportReporter -->
<testsuite hostname="DESKTOP-OCA6S22" failures="0" tests="1" name="tests.ui.services.TC207_ProposalHelpCentreFAQ" time="78.761" errors="0" timestamp="2024-08-07T08:55:40 IST" skipped="0">
  <testcase classname="tests.ui.services.TC207_ProposalHelpCentreFAQ" name="proposalHelpCentreFAQ" time="78.761"/>
  <system-out/>
</testsuite> <!-- tests.ui.services.TC207_ProposalHelpCentreFAQ -->
