<?xml version="1.0" encoding="UTF-8"?>
<!-- Generated by org.testng.reporters.JUnitReportReporter -->
<testsuite hostname="DESKTOP-OCA6S22" failures="0" tests="1" name="tests.ui.services.TC118_ProposalTemplateBankUpdate" time="60.718" errors="0" timestamp="2024-06-20T20:19:35 IST" skipped="0">
  <testcase classname="tests.ui.services.TC118_ProposalTemplateBankUpdate" name="ProposalTemplateBankDelete" time="60.718"/>
  <system-out/>
</testsuite> <!-- tests.ui.services.TC118_ProposalTemplateBankUpdate -->
