<?xml version="1.0" encoding="UTF-8"?>
<!-- Generated by org.testng.reporters.JUnitReportReporter -->
<testsuite hostname="DESKTOP-OCA6S22" failures="0" tests="1" name="tests.ui.services.TC042_PropSOWFinancingAndCapitalMarkets" time="269.237" errors="0" timestamp="2024-05-08T20:31:06 IST" skipped="0">
  <testcase classname="tests.ui.services.TC042_PropSOWFinancingAndCapitalMarkets" name="propSOWFinancingAndCapitalMarkets" time="269.237"/>
  <system-out/>
</testsuite> <!-- tests.ui.services.TC042_PropSOWFinancingAndCapitalMarkets -->
