<?xml version="1.0" encoding="UTF-8"?>
<!-- Generated by org.testng.reporters.JUnitReportReporter -->
<testsuite hostname="DESKTOP-OCA6S22" failures="0" tests="1" name="tests.ui.services.TC035_CuCreateUser" time="64.764" errors="0" timestamp="2024-05-14T00:44:47 IST" skipped="0">
  <testcase classname="tests.ui.services.TC035_CuCreateUser" name="CuCreateUser" time="64.764"/>
  <system-out/>
</testsuite> <!-- tests.ui.services.TC035_CuCreateUser -->
