<?xml version="1.0" encoding="UTF-8"?>
<!-- Generated by org.testng.reporters.JUnitReportReporter -->
<testsuite hostname="DESKTOP-OCA6S22" failures="0" tests="1" name="tests.ui.services.TC194_LandingPageFootertFAQServicesReview" time="34.662" errors="0" timestamp="2024-08-06T16:09:52 IST" skipped="0">
  <testcase classname="tests.ui.services.TC194_LandingPageFootertFAQServicesReview" name="LandingPageFooterFAQServicesReview" time="34.662"/>
  <system-out/>
</testsuite> <!-- tests.ui.services.TC194_LandingPageFootertFAQServicesReview -->
