<?xml version="1.0" encoding="UTF-8"?>
<!-- Generated by org.testng.reporters.JUnitReportReporter -->
<testsuite hostname="DESKTOP-OCA6S22" failures="0" tests="1" name="tests.ui.services.TC004_LogInAdmin" time="43.311" errors="0" timestamp="2024-04-04T10:52:00 IST" skipped="0">
  <testcase classname="tests.ui.services.TC004_LogInAdmin" name="logIn" time="43.311"/>
  <system-out/>
</testsuite> <!-- tests.ui.services.TC004_LogInAdmin -->
