<?xml version="1.0" encoding="UTF-8"?>
<!-- Generated by org.testng.reporters.JUnitReportReporter -->
<testsuite hostname="DESKTOP-OCA6S22" failures="0" tests="1" name="tests.ui.services.TC044_PropSOWFundFormation" time="256.339" errors="0" timestamp="2024-05-13T23:41:24 IST" skipped="0">
  <testcase classname="tests.ui.services.TC044_PropSOWFundFormation" name="propSOWFundFormation" time="256.339"/>
  <system-out/>
</testsuite> <!-- tests.ui.services.TC044_PropSOWFundFormation -->
