<?xml version="1.0" encoding="UTF-8"?>
<!-- Generated by org.testng.reporters.JUnitReportReporter -->
<testsuite hostname="DESKTOP-OCA6S22" failures="0" tests="1" name="tests.ui.services.TC001_LogIn" time="39.704" errors="0" timestamp="2024-05-07T09:38:25 IST" skipped="0">
  <testcase classname="tests.ui.services.TC001_LogIn" name="logIn" time="39.704"/>
  <system-out/>
</testsuite> <!-- tests.ui.services.TC001_LogIn -->
