<?xml version="1.0" encoding="UTF-8"?>
<!-- Generated by org.testng.reporters.JUnitReportReporter -->
<testsuite hostname="TL1055" failures="0" tests="1" name="tests.ui.services.TC04_EditLead" time="89.924" errors="1" timestamp="2023-08-16T20:31:12 IST" skipped="0">
  <testcase classname="tests.ui.services.TC04_EditLead" name="editAccount" time="89.924">
    <error message="See the reporter for details." type="java.lang.RuntimeException">
      <![CDATA[java.lang.RuntimeException: See the reporter for details.
at com.force.utility.HtmlReporter.reportStep(HtmlReporter.java:85)
at com.force.utility.HtmlReporter.reportStep(HtmlReporter.java:100)
at com.force.base.PlaywrightWrapper.click(PlaywrightWrapper.java:208)
at com.force.base.PlaywrightWrapper.click(PlaywrightWrapper.java:190)
at page.services.ServiceDashboardPage.clickAction(ServiceDashboardPage.java:26)
at tests.ui.services.TC04_EditLead.editAccount(TC04_EditLead.java:35)
at java.base/jdk.internal.reflect.DirectMethodHandleAccessor.invoke(DirectMethodHandleAccessor.java:104)
at java.base/java.lang.reflect.Method.invoke(Method.java:578)
at org.testng.internal.MethodInvocationHelper.invokeMethod(MethodInvocationHelper.java:133)
at org.testng.internal.TestInvoker.invokeMethod(TestInvoker.java:598)
at org.testng.internal.TestInvoker.invokeTestMethod(TestInvoker.java:173)
at org.testng.internal.MethodRunner.runInSequence(MethodRunner.java:46)
at org.testng.internal.TestInvoker$MethodInvocationAgent.invoke(TestInvoker.java:824)
at org.testng.internal.TestInvoker.invokeTestMethods(TestInvoker.java:146)
at org.testng.internal.TestMethodWorker.invokeTestMethods(TestMethodWorker.java:146)
at org.testng.internal.TestMethodWorker.run(TestMethodWorker.java:128)
at java.base/java.util.concurrent.ThreadPoolExecutor.runWorker(ThreadPoolExecutor.java:1144)
at java.base/java.util.concurrent.ThreadPoolExecutor$Worker.run(ThreadPoolExecutor.java:642)
at java.base/java.lang.Thread.run(Thread.java:1589)
]]>
    </error>
  </testcase> <!-- editAccount -->
  <system-out/>
</testsuite> <!-- tests.ui.services.TC04_EditLead -->
