<?xml version="1.0" encoding="UTF-8"?>
<!-- Generated by org.testng.reporters.JUnitReportReporter -->
<testsuite hostname="DESKTOP-OCA6S22" failures="0" tests="1" name="tests.ui.services.TC112_CuEditCompanyDetails" time="67.008" errors="0" timestamp="2024-06-07T00:40:59 IST" skipped="0">
  <testcase classname="tests.ui.services.TC112_CuEditCompanyDetails" name="CuEditCompanyDetails" time="67.008"/>
  <system-out/>
</testsuite> <!-- tests.ui.services.TC112_CuEditCompanyDetails -->
