<?xml version="1.0" encoding="UTF-8"?>
<!-- Generated by org.testng.reporters.JUnitReportReporter -->
<testsuite hostname="DESKTOP-OCA6S22" failures="0" tests="1" name="tests.ui.services.TC084_ProposalUserGroupDelete" time="58.650" errors="0" timestamp="2024-05-23T01:07:39 IST" skipped="0">
  <testcase classname="tests.ui.services.TC084_ProposalUserGroupDelete" name="ProposalUserGroupDelete" time="58.650"/>
  <system-out/>
</testsuite> <!-- tests.ui.services.TC084_ProposalUserGroupDelete -->
