<?xml version="1.0" encoding="UTF-8"?>
<!-- Generated by org.testng.reporters.JUnitReportReporter -->
<testsuite hostname="DESKTOP-OCA6S22" failures="0" tests="1" name="tests.ui.services.TC090_CuPreferredPanelLawFirmsUpload" time="58.295" errors="0" timestamp="2024-06-05T10:24:00 IST" skipped="0">
  <testcase classname="tests.ui.services.TC090_CuPreferredPanelLawFirmsUpload" name="preferredPanelUpload" time="58.295"/>
  <system-out/>
</testsuite> <!-- tests.ui.services.TC090_CuPreferredPanelLawFirmsUpload -->
