<?xml version="1.0" encoding="UTF-8"?>
<!-- Generated by org.testng.reporters.JUnitReportReporter -->
<testsuite hostname="DESKTOP-OCA6S22" failures="0" tests="1" name="tests.ui.services.TC067_CuUserGroupDelete" time="53.912" errors="0" timestamp="2024-05-22T21:05:21 IST" skipped="0">
  <testcase classname="tests.ui.services.TC067_CuUserGroupDelete" name="CuUserGroupDelete" time="53.912"/>
  <system-out/>
</testsuite> <!-- tests.ui.services.TC067_CuUserGroupDelete -->
