<?xml version="1.0" encoding="UTF-8"?>
<!-- Generated by org.testng.reporters.JUnitReportReporter -->
<testsuite hostname="DESKTOP-OCA6S22" failures="0" tests="1" name="tests.ui.services.TC047_PropSOWIT" time="176.694" errors="0" timestamp="2024-05-10T23:44:52 IST" skipped="0">
  <testcase classname="tests.ui.services.TC047_PropSOWIT" name="propSOWIT" time="176.694"/>
  <system-out/>
</testsuite> <!-- tests.ui.services.TC047_PropSOWIT -->
