<?xml version="1.0" encoding="UTF-8"?>
<!-- Generated by org.testng.reporters.JUnitReportReporter -->
<testsuite hostname="DESKTOP-OCA6S22" failures="0" tests="1" name="tests.ui.services.TC150_LSPAnalyticsInvitationsOutcomes" time="152.443" errors="0" timestamp="2024-07-09T22:22:15 IST" skipped="0">
  <testcase classname="tests.ui.services.TC150_LSPAnalyticsInvitationsOutcomes" name="CuAnalytics" time="152.443"/>
  <system-out/>
</testsuite> <!-- tests.ui.services.TC150_LSPAnalyticsInvitationsOutcomes -->
