<?xml version="1.0" encoding="UTF-8"?>
<!-- Generated by org.testng.reporters.JUnitReportReporter -->
<testsuite hostname="DESKTOP-OCA6S22" failures="0" tests="1" name="tests.ui.services.TC041_PropSOWEmployment" time="262.237" errors="0" timestamp="2024-05-08T11:09:03 IST" skipped="0">
  <testcase classname="tests.ui.services.TC041_PropSOWEmployment" name="propSOWEmployment" time="262.237"/>
  <system-out/>
</testsuite> <!-- tests.ui.services.TC041_PropSOWEmployment -->
