<?xml version="1.0" encoding="UTF-8"?>
<!-- Generated by org.testng.reporters.JUnitReportReporter -->
<testsuite hostname="DESKTOP-OCA6S22" failures="0" tests="1" name="tests.ui.services.TC052_PropSOWRegulatory" time="196.803" errors="0" timestamp="2024-05-09T20:29:12 IST" skipped="0">
  <testcase classname="tests.ui.services.TC052_PropSOWRegulatory" name="propSOWRegulatory" time="196.803"/>
  <system-out/>
</testsuite> <!-- tests.ui.services.TC052_PropSOWRegulatory -->
