<?xml version="1.0" encoding="UTF-8"?>
<!-- Generated by org.testng.reporters.JUnitReportReporter -->
<testsuite hostname="DESKTOP-OCA6S22" failures="0" tests="1" name="tests.ui.services.TC105_CuPreferredPanelLawFirmsInstructionsDelete" time="59.629" errors="0" timestamp="2024-06-05T21:23:14 IST" skipped="0">
  <testcase classname="tests.ui.services.TC105_CuPreferredPanelLawFirmsInstructionsDelete" name="preferredPanelDelete" time="59.629"/>
  <system-out/>
</testsuite> <!-- tests.ui.services.TC105_CuPreferredPanelLawFirmsInstructionsDelete -->
