<?xml version="1.0" encoding="UTF-8"?>
<!-- Generated by org.testng.reporters.JUnitReportReporter -->
<testsuite hostname="DESKTOP-OCA6S22" failures="0" tests="1" name="tests.ui.services.TC069_CuUserGroupRemoveAdmin" time="60.033" errors="0" timestamp="2024-05-22T21:38:54 IST" skipped="0">
  <testcase classname="tests.ui.services.TC069_CuUserGroupRemoveAdmin" name="CuUserGroupRemoveAdmin" time="60.033"/>
  <system-out/>
</testsuite> <!-- tests.ui.services.TC069_CuUserGroupRemoveAdmin -->
