<?xml version="1.0" encoding="UTF-8"?>
<!-- Generated by org.testng.reporters.JUnitReportReporter -->
<testsuite hostname="DESKTOP-OCA6S22" failures="0" tests="1" name="tests.ui.services.TC080_ProposalUserGroupDeleteGroup" time="63.602" errors="0" timestamp="2024-05-23T00:27:52 IST" skipped="0">
  <testcase classname="tests.ui.services.TC080_ProposalUserGroupDeleteGroup" name="ProposalUserGroupDeleteGroup" time="63.602"/>
  <system-out/>
</testsuite> <!-- tests.ui.services.TC080_ProposalUserGroupDeleteGroup -->
