<?xml version="1.0" encoding="UTF-8"?>
<!-- Generated by org.testng.reporters.JUnitReportReporter -->
<testsuite hostname="DESKTOP-OCA6S22" failures="0" tests="1" name="tests.ui.services.TC110_CuEditProfile" time="57.637" errors="0" timestamp="2024-06-06T21:56:27 IST" skipped="0">
  <testcase classname="tests.ui.services.TC110_CuEditProfile" name="preferredPanelRemoveStar" time="57.637"/>
  <system-out/>
</testsuite> <!-- tests.ui.services.TC110_CuEditProfile -->
