<?xml version="1.0" encoding="UTF-8"?>
<!-- Generated by org.testng.reporters.JUnitReportReporter -->
<testsuite hostname="DESKTOP-OCA6S22" failures="0" tests="1" name="tests.ui.services.TC050_PropSOWRestructuring" time="173.028" errors="0" timestamp="2024-05-09T21:46:13 IST" skipped="0">
  <testcase classname="tests.ui.services.TC050_PropSOWRestructuring" name="propSOWRestructuring" time="173.028"/>
  <system-out/>
</testsuite> <!-- tests.ui.services.TC050_PropSOWRestructuring -->
