<?xml version="1.0" encoding="UTF-8"?>
<!-- Generated by org.testng.reporters.JUnitReportReporter -->
<testsuite hostname="DESKTOP-OCA6S22" failures="0" tests="1" name="tests.ui.services.TC033_CreateProposalAllFields" time="402.320" errors="0" timestamp="2024-06-30T20:43:14 IST" skipped="0">
  <testcase classname="tests.ui.services.TC033_CreateProposalAllFields" name="createRFP" time="402.320"/>
  <system-out/>
</testsuite> <!-- tests.ui.services.TC033_CreateProposalAllFields -->
