<?xml version="1.0" encoding="UTF-8"?>
<!-- Generated by org.testng.reporters.JUnitReportReporter -->
<testsuite hostname="DESKTOP-OCA6S22" failures="0" tests="1" name="tests.ui.services.TC085_ProposalUserGroupAddAdmin" time="60.617" errors="0" timestamp="2024-05-23T01:19:10 IST" skipped="0">
  <testcase classname="tests.ui.services.TC085_ProposalUserGroupAddAdmin" name="ProposalUserGroupAddAdmin" time="60.617"/>
  <system-out/>
</testsuite> <!-- tests.ui.services.TC085_ProposalUserGroupAddAdmin -->
