<?xml version="1.0" encoding="UTF-8"?>
<!-- Generated by org.testng.reporters.JUnitReportReporter -->
<testsuite hostname="DESKTOP-OCA6S22" failures="0" tests="1" name="tests.ui.services.TC048_PropSOWLitigation" time="174.682" errors="0" timestamp="2024-05-12T09:06:15 IST" skipped="0">
  <testcase classname="tests.ui.services.TC048_PropSOWLitigation" name="propSOWLitigation" time="174.682"/>
  <system-out/>
</testsuite> <!-- tests.ui.services.TC048_PropSOWLitigation -->
