<?xml version="1.0" encoding="UTF-8"?>
<!-- Generated by org.testng.reporters.JUnitReportReporter -->
<testsuite hostname="DESKTOP-OCA6S22" failures="0" tests="1" name="tests.ui.services.TC215_CorporateAccessRuleAppliedUserDelete" time="73.503" errors="0" timestamp="2024-08-21T09:26:12 IST" skipped="0">
  <testcase classname="tests.ui.services.TC215_CorporateAccessRuleAppliedUserDelete" name="corporateDeleteUser" time="73.503"/>
  <system-out/>
</testsuite> <!-- tests.ui.services.TC215_CorporateAccessRuleAppliedUserDelete -->
